#
# A fatal error has been detected by the Java Runtime Environment:
#
#  EXCEPTION_ACCESS_VIOLATION (0xc0000005) at pc=0x0000000000000000, pid=13992, tid=18008
#
# JRE version: Java(TM) SE Runtime Environment 18.9 (11.0.13+10) (build 11.0.13+10-LTS-370)
# Java VM: Java HotSpot(TM) 64-Bit Server VM 18.9 (11.0.13+10-LTS-370, mixed mode, tiered, compressed oops, g1 gc, windows-amd64)
# Problematic frame:
# C  0x0000000000000000
#
# No core dump will be written. Minidumps are not enabled by default on client versions of Windows
#
# If you would like to submit a bug report, please visit:
#   https://bugreport.java.com/bugreport/crash.jsp
#

---------------  S U M M A R Y ------------

Command Line: -Xverify:none -XX:TieredStopAtLevel=1 -Xverify:none -XX:TieredStopAtLevel=1 com.ptit.stu.WebsiteShoppingApplication

Host: Intel(R) Core(TM) i5-6440HQ CPU @ 2.60GHz, 4 cores, 7G,  Windows 10 , 64 bit Build 19041 (10.0.19041.1645)
Time: Wed May  4 17:26:58 2022 SE Asia Standard Time elapsed time: 1162.933712 seconds (0d 0h 19m 22s)

---------------  T H R E A D  ---------------

Current thread (0x0000012de99f9000):  JavaThread "http-nio-8080-exec-2" daemon [_thread_in_Java, id=18008, stack(0x0000000d1f400000,0x0000000d1f500000)]

Stack: [0x0000000d1f400000,0x0000000d1f500000],  sp=0x0000000d1f4fcd50,  free space=1011k
Native frames: (J=compiled Java code, j=interpreted, Vv=VM code, C=native code)


siginfo: EXCEPTION_ACCESS_VIOLATION (0xc0000005), data execution prevention violation at address 0x0000000000000000


Register to memory mapping:

RIP=0x0 is NULL
RAX=0x0 is NULL
RBX={method} {0x0000012deb32dcd0} 'convertToOrderDetailDTO' '(Lcom/ptit/stu/entity/OrderDetailEntity;)Lcom/ptit/stu/entity/dto/OrderDetailDTO;' in 'com/ptit/stu/entity/dto/OrderDetailDTO'
RCX=0x00000000840b1050 is an oop: com.ptit.stu.controller.OrderController 
{0x00000000840b1050} - klass: 'com/ptit/stu/controller/OrderController'
RDX=0x0000012dce6f9e40 is at code_begin+1664 in an Interpreter codelet
invoke return entry points  [0x0000012dce6f97c0, 0x0000012dce6fa1a0]  2528 bytes
RSP=0x0000000d1f4fcd50 is pointing into the stack for thread: 0x0000012de99f9000
RBP=0x0000000d1f4fcdb8 is pointing into the stack for thread: 0x0000012de99f9000
RSI=0x0 is NULL
RDI=0x0000000000000001 is an unknown value
R8 =0x0000000000000006 is an unknown value
R9 =0x0000000000000006 is an unknown value
R10=0x00007ffa01611040 jvm.dll
R11={method} {0x0000012deb32dcd0} 'convertToOrderDetailDTO' '(Lcom/ptit/stu/entity/OrderDetailEntity;)Lcom/ptit/stu/entity/dto/OrderDetailDTO;' in 'com/ptit/stu/entity/dto/OrderDetailDTO'
R12=0x0 is NULL
R13=0x0000000d1f4fcd58 is pointing into the stack for thread: 0x0000012de99f9000
R14=0x0000000d1f4fcdf0 is pointing into the stack for thread: 0x0000012de99f9000
R15=0x0000012de99f9000 is a thread


Registers:
RAX=0x0000000000000000, RBX=0x0000012deb32dcc8, RCX=0x00000000840b1050, RDX=0x0000012dce6f9e40
RSP=0x0000000d1f4fcd50, RBP=0x0000000d1f4fcdb8, RSI=0x0000000000000000, RDI=0x0000000000000001
R8 =0x0000000000000006, R9 =0x0000000000000006, R10=0x00007ffa01611040, R11=0x0000012deb32dcc8
R12=0x0000000000000000, R13=0x0000000d1f4fcd58, R14=0x0000000d1f4fcdf0, R15=0x0000012de99f9000
RIP=0x0000000000000000, EFLAGS=0x0000000000010246

Top of Stack: (sp=0x0000000d1f4fcd50)
0x0000000d1f4fcd50:   0000012dce6f9e40 000000008503c530
0x0000000d1f4fcd60:   00000000840b1050 000000008505ab38
0x0000000d1f4fcd70:   0000000d1f4fcd70 0000012deb2a45fd
0x0000000d1f4fcd80:   0000000d1f4fcdf0 0000012deb30b178
0x0000000d1f4fcd90:   0000000000000000 00000000830c27a8
0x0000000d1f4fcda0:   0000012deb2a4670 0000000d1f4fcd58
0x0000000d1f4fcdb0:   0000000d1f4fcde8 0000000d1f4fcfd0
0x0000000d1f4fcdc0:   0000012dce6f0e10 000000008503c530
0x0000000d1f4fcdd0:   000000008505ab50 000000008505ab38
0x0000000d1f4fcde0:   000000008503c200 0000000081b516a8
0x0000000d1f4fcdf0:   00000000840b1050 0000012d00000031
0x0000000d1f4fce00:   0000000d1f4fceb0 0000012dcedcf85c
0x0000000d1f4fce10:   0000000d1f4fced0 0000012dce701236
0x0000000d1f4fce20:   0000012dce6f8a10 0000012d00000000
0x0000000d1f4fce30:   0000000d1f4fcf18 0000012dcfa1e85c
0x0000000d1f4fce40:   0000000d1f4fceb0 0000012dce6f9890 

Instructions: (pc=0x0000000000000000)
0xffffffffffffffe0:   


Stack slot to memory mapping:
stack at sp + 0 slots: 0x0000012dce6f9e40 is at code_begin+1664 in an Interpreter codelet
invoke return entry points  [0x0000012dce6f97c0, 0x0000012dce6fa1a0]  2528 bytes
stack at sp + 1 slots: 0x000000008503c530 is an oop: com.ptit.stu.entity.OrderDetailEntity 
{0x000000008503c530} - klass: 'com/ptit/stu/entity/OrderDetailEntity'
stack at sp + 2 slots: 0x00000000840b1050 is an oop: com.ptit.stu.controller.OrderController 
{0x00000000840b1050} - klass: 'com/ptit/stu/controller/OrderController'
stack at sp + 3 slots: 0x000000008505ab38 is an oop: java.util.ArrayList 
{0x000000008505ab38} - klass: 'java/util/ArrayList'
stack at sp + 4 slots: 0x0000000d1f4fcd70 is pointing into the stack for thread: 0x0000012de99f9000
stack at sp + 5 slots: 0x0000012deb2a45fd is pointing into metadata
stack at sp + 6 slots: 0x0000000d1f4fcdf0 is pointing into the stack for thread: 0x0000012de99f9000
stack at sp + 7 slots: 0x0000012deb30b178 is pointing into metadata


---------------  P R O C E S S  ---------------

Threads class SMR info:
_java_thread_list=0x0000012de7578e80, length=28, elements={
0x0000012de4717800, 0x0000012de4723000, 0x0000012de4736800, 0x0000012de4737800,
0x0000012de473c000, 0x0000012de4740000, 0x0000012de4743800, 0x0000012de51c4800,
0x0000012de99d2800, 0x0000012de99f7800, 0x0000012de99d4000, 0x0000012de99cf800,
0x0000012de99d6000, 0x0000012de99d0000, 0x0000012de99d1000, 0x0000012de99f6800,
0x0000012de99f5800, 0x0000012de99f9000, 0x0000012de99f8000, 0x0000012de99f5000,
0x0000012de99f3800, 0x0000012de99fa000, 0x0000012de99f4000, 0x0000012de99fd000,
0x0000012de99fb800, 0x0000012de99fa800, 0x0000012de99fe000, 0x0000012de99fe800
}

Java Threads: ( => current thread )
  0x0000012de4717800 JavaThread "Reference Handler" daemon [_thread_blocked, id=16628, stack(0x0000000d1e000000,0x0000000d1e100000)]
  0x0000012de4723000 JavaThread "Finalizer" daemon [_thread_blocked, id=14508, stack(0x0000000d1e100000,0x0000000d1e200000)]
  0x0000012de4736800 JavaThread "Signal Dispatcher" daemon [_thread_blocked, id=12852, stack(0x0000000d1e200000,0x0000000d1e300000)]
  0x0000012de4737800 JavaThread "Attach Listener" daemon [_thread_blocked, id=15312, stack(0x0000000d1e300000,0x0000000d1e400000)]
  0x0000012de473c000 JavaThread "Service Thread" daemon [_thread_blocked, id=1848, stack(0x0000000d1e400000,0x0000000d1e500000)]
  0x0000012de4740000 JavaThread "C1 CompilerThread0" daemon [_thread_blocked, id=19452, stack(0x0000000d1e500000,0x0000000d1e600000)]
  0x0000012de4743800 JavaThread "Sweeper thread" daemon [_thread_blocked, id=2424, stack(0x0000000d1e600000,0x0000000d1e700000)]
  0x0000012de51c4800 JavaThread "Common-Cleaner" daemon [_thread_blocked, id=4168, stack(0x0000000d1e800000,0x0000000d1e900000)]
  0x0000012de99d2800 JavaThread "Live Reload Server" daemon [_thread_in_native, id=7844, stack(0x0000000d1f700000,0x0000000d1f800000)]
  0x0000012de99f7800 JavaThread "DestroyJavaVM" [_thread_blocked, id=1500, stack(0x0000000d1d900000,0x0000000d1da00000)]
  0x0000012de99d4000 JavaThread "Catalina-utility-1" [_thread_blocked, id=19368, stack(0x0000000d1eb00000,0x0000000d1ec00000)]
  0x0000012de99cf800 JavaThread "Catalina-utility-2" [_thread_blocked, id=5260, stack(0x0000000d1ec00000,0x0000000d1ed00000)]
  0x0000012de99d6000 JavaThread "container-0" [_thread_blocked, id=6780, stack(0x0000000d1ed00000,0x0000000d1ee00000)]
  0x0000012de99d0000 JavaThread "mssql-jdbc-shared-timer-core-2" daemon [_thread_blocked, id=18332, stack(0x0000000d1ef00000,0x0000000d1f000000)]
  0x0000012de99d1000 JavaThread "HikariPool-3 housekeeper" daemon [_thread_blocked, id=19444, stack(0x0000000d1f000000,0x0000000d1f100000)]
  0x0000012de99f6800 JavaThread "File Watcher" daemon [_thread_blocked, id=18640, stack(0x0000000d1f200000,0x0000000d1f300000)]
  0x0000012de99f5800 JavaThread "http-nio-8080-exec-1" daemon [_thread_blocked, id=14608, stack(0x0000000d1f300000,0x0000000d1f400000)]
=>0x0000012de99f9000 JavaThread "http-nio-8080-exec-2" daemon [_thread_in_Java, id=18008, stack(0x0000000d1f400000,0x0000000d1f500000)]
  0x0000012de99f8000 JavaThread "http-nio-8080-exec-3" daemon [_thread_blocked, id=18348, stack(0x0000000d1f500000,0x0000000d1f600000)]
  0x0000012de99f5000 JavaThread "http-nio-8080-exec-4" daemon [_thread_blocked, id=10832, stack(0x0000000d1f600000,0x0000000d1f700000)]
  0x0000012de99f3800 JavaThread "http-nio-8080-exec-5" daemon [_thread_blocked, id=10980, stack(0x0000000d1f800000,0x0000000d1f900000)]
  0x0000012de99fa000 JavaThread "http-nio-8080-exec-6" daemon [_thread_blocked, id=8248, stack(0x0000000d1f900000,0x0000000d1fa00000)]
  0x0000012de99f4000 JavaThread "http-nio-8080-exec-7" daemon [_thread_blocked, id=13932, stack(0x0000000d1fa00000,0x0000000d1fb00000)]
  0x0000012de99fd000 JavaThread "http-nio-8080-exec-8" daemon [_thread_blocked, id=8800, stack(0x0000000d1fb00000,0x0000000d1fc00000)]
  0x0000012de99fb800 JavaThread "http-nio-8080-exec-9" daemon [_thread_blocked, id=7140, stack(0x0000000d1fc00000,0x0000000d1fd00000)]
  0x0000012de99fa800 JavaThread "http-nio-8080-exec-10" daemon [_thread_blocked, id=9040, stack(0x0000000d1fd00000,0x0000000d1fe00000)]
  0x0000012de99fe000 JavaThread "http-nio-8080-Poller" daemon [_thread_in_native, id=1900, stack(0x0000000d1fe00000,0x0000000d1ff00000)]
  0x0000012de99fe800 JavaThread "http-nio-8080-Acceptor" daemon [_thread_in_native, id=3316, stack(0x0000000d1ff00000,0x0000000d20000000)]

Other Threads:
  0x0000012de46f3800 VMThread "VM Thread" [stack: 0x0000000d1df00000,0x0000000d1e000000] [id=9656]
  0x0000012de51c3800 WatcherThread [stack: 0x0000000d1e700000,0x0000000d1e800000] [id=14996]
  0x0000012dc70d8800 GCTaskThread "GC Thread#0" [stack: 0x0000000d1da00000,0x0000000d1db00000] [id=16880]
  0x0000012de5758000 GCTaskThread "GC Thread#1" [stack: 0x0000000d1e900000,0x0000000d1ea00000] [id=4616]
  0x0000012de59cd800 GCTaskThread "GC Thread#2" [stack: 0x0000000d1ea00000,0x0000000d1eb00000] [id=18680]
  0x0000012de5c50800 GCTaskThread "GC Thread#3" [stack: 0x0000000d1ee00000,0x0000000d1ef00000] [id=8464]
  0x0000012dc7108800 ConcurrentGCThread "G1 Main Marker" [stack: 0x0000000d1db00000,0x0000000d1dc00000] [id=15624]
  0x0000012dc710a000 ConcurrentGCThread "G1 Conc#0" [stack: 0x0000000d1dc00000,0x0000000d1dd00000] [id=9144]
  0x0000012dc719e000 ConcurrentGCThread "G1 Refine#0" [stack: 0x0000000d1dd00000,0x0000000d1de00000] [id=6736]
  0x0000012de4561800 ConcurrentGCThread "G1 Young RemSet Sampling" [stack: 0x0000000d1de00000,0x0000000d1df00000] [id=8640]

Threads with active compile tasks:

VM state:not at safepoint (normal execution)

VM Mutex/Monitor currently owned by a thread: None

Heap address: 0x0000000081a00000, size: 2022 MB, Compressed Oops mode: 32-bit
Narrow klass base: 0x0000000000000000, Narrow klass shift: 3
Compressed class space size: 1073741824 Address: 0x0000000100000000

Heap:
 garbage-first heap   total 81920K, used 54845K [0x0000000081a00000, 0x0000000100000000)
  region size 1024K, 30 young (30720K), 4 survivors (4096K)
 Metaspace       used 66277K, capacity 68356K, committed 68508K, reserved 1107968K
  class space    used 8524K, capacity 9373K, committed 9472K, reserved 1048576K
Heap Regions: E=young(eden), S=young(survivor), O=old, HS=humongous(starts), HC=humongous(continues), CS=collection set, F=free, A=archive, TAMS=top-at-mark-start (previous, next)
|   0|0x0000000081a00000, 0x0000000081b00000, 0x0000000081b00000|100%|HS|  |TAMS 0x0000000081a00000, 0x0000000081a00000| Untracked 
|   1|0x0000000081b00000, 0x0000000081bfff50, 0x0000000081c00000| 99%| O|  |TAMS 0x0000000081b00000, 0x0000000081b00000| Untracked 
|   2|0x0000000081c00000, 0x0000000081d00000, 0x0000000081d00000|100%| O|  |TAMS 0x0000000081c00000, 0x0000000081c00000| Untracked 
|   3|0x0000000081d00000, 0x0000000081dffff0, 0x0000000081e00000| 99%| O|  |TAMS 0x0000000081d00000, 0x0000000081d00000| Untracked 
|   4|0x0000000081e00000, 0x0000000081effff8, 0x0000000081f00000| 99%| O|  |TAMS 0x0000000081e00000, 0x0000000081e00000| Untracked 
|   5|0x0000000081f00000, 0x0000000081fec590, 0x0000000082000000| 92%| O|  |TAMS 0x0000000081f00000, 0x0000000081f00000| Untracked 
|   6|0x0000000082000000, 0x00000000820ffff0, 0x0000000082100000| 99%| O|  |TAMS 0x0000000082000000, 0x0000000082000000| Untracked 
|   7|0x0000000082100000, 0x00000000821fffe8, 0x0000000082200000| 99%| O|  |TAMS 0x0000000082100000, 0x0000000082100000| Untracked 
|   8|0x0000000082200000, 0x0000000082300000, 0x0000000082300000|100%| O|  |TAMS 0x0000000082200000, 0x0000000082200000| Untracked 
|   9|0x0000000082300000, 0x00000000823fffe0, 0x0000000082400000| 99%| O|  |TAMS 0x0000000082300000, 0x0000000082300000| Untracked 
|  10|0x0000000082400000, 0x00000000824ffff0, 0x0000000082500000| 99%| O|  |TAMS 0x0000000082400000, 0x0000000082400000| Untracked 
|  11|0x0000000082500000, 0x00000000825ffff0, 0x0000000082600000| 99%| O|  |TAMS 0x0000000082500000, 0x0000000082500000| Untracked 
|  12|0x0000000082600000, 0x00000000826ffaa0, 0x0000000082700000| 99%| O|  |TAMS 0x0000000082600000, 0x0000000082600000| Untracked 
|  13|0x0000000082700000, 0x0000000082800000, 0x0000000082800000|100%| O|  |TAMS 0x0000000082700000, 0x0000000082700000| Untracked 
|  14|0x0000000082800000, 0x00000000828f56e0, 0x0000000082900000| 95%| O|  |TAMS 0x0000000082800000, 0x0000000082800000| Untracked 
|  15|0x0000000082900000, 0x00000000829ffff8, 0x0000000082a00000| 99%| O|  |TAMS 0x0000000082900000, 0x0000000082900000| Untracked 
|  16|0x0000000082a00000, 0x0000000082b00000, 0x0000000082b00000|100%| O|  |TAMS 0x0000000082a00000, 0x0000000082a00000| Untracked 
|  17|0x0000000082b00000, 0x0000000082bfffe8, 0x0000000082c00000| 99%| O|  |TAMS 0x0000000082b00000, 0x0000000082b00000| Untracked 
|  18|0x0000000082c00000, 0x0000000082cfffb0, 0x0000000082d00000| 99%| O|  |TAMS 0x0000000082c00000, 0x0000000082c00000| Untracked 
|  19|0x0000000082d00000, 0x0000000082dffff8, 0x0000000082e00000| 99%| O|  |TAMS 0x0000000082d00000, 0x0000000082d00000| Untracked 
|  20|0x0000000082e00000, 0x0000000082ee1870, 0x0000000082f00000| 88%| O|  |TAMS 0x0000000082e00000, 0x0000000082e00000| Untracked 
|  21|0x0000000082f00000, 0x0000000082fffff8, 0x0000000083000000| 99%| O|  |TAMS 0x0000000082f00000, 0x0000000082f00000| Untracked 
|  22|0x0000000083000000, 0x0000000083100000, 0x0000000083100000|100%| O|  |TAMS 0x0000000083000000, 0x0000000083000000| Untracked 
|  23|0x0000000083100000, 0x0000000083129dc0, 0x0000000083200000| 16%| O|  |TAMS 0x0000000083100000, 0x0000000083100000| Untracked 
|  24|0x0000000083200000, 0x0000000083278b60, 0x0000000083300000| 47%| O|  |TAMS 0x0000000083200000, 0x0000000083200000| Untracked 
|  25|0x0000000083300000, 0x0000000083400000, 0x0000000083400000|100%| O|  |TAMS 0x0000000083300000, 0x0000000083300000| Untracked 
|  26|0x0000000083400000, 0x0000000083437800, 0x0000000083500000| 21%| O|  |TAMS 0x0000000083400000, 0x0000000083400000| Untracked 
|  27|0x0000000083500000, 0x0000000083500000, 0x0000000083600000|  0%| F|  |TAMS 0x0000000083500000, 0x0000000083500000| Untracked 
|  28|0x0000000083600000, 0x0000000083600000, 0x0000000083700000|  0%| F|  |TAMS 0x0000000083600000, 0x0000000083600000| Untracked 
|  29|0x0000000083700000, 0x0000000083700000, 0x0000000083800000|  0%| F|  |TAMS 0x0000000083700000, 0x0000000083700000| Untracked 
|  30|0x0000000083800000, 0x0000000083800000, 0x0000000083900000|  0%| F|  |TAMS 0x0000000083800000, 0x0000000083800000| Untracked 
|  31|0x0000000083900000, 0x0000000083900000, 0x0000000083a00000|  0%| F|  |TAMS 0x0000000083900000, 0x0000000083900000| Untracked 
|  32|0x0000000083a00000, 0x0000000083a00000, 0x0000000083b00000|  0%| F|  |TAMS 0x0000000083a00000, 0x0000000083a00000| Untracked 
|  33|0x0000000083b00000, 0x0000000083b00000, 0x0000000083c00000|  0%| F|  |TAMS 0x0000000083b00000, 0x0000000083b00000| Untracked 
|  34|0x0000000083c00000, 0x0000000083c00000, 0x0000000083d00000|  0%| F|  |TAMS 0x0000000083c00000, 0x0000000083c00000| Untracked 
|  35|0x0000000083d00000, 0x0000000083df2520, 0x0000000083e00000| 94%| S|CS|TAMS 0x0000000083d00000, 0x0000000083d00000| Complete 
|  36|0x0000000083e00000, 0x0000000083e00000, 0x0000000083f00000|  0%| F|  |TAMS 0x0000000083e00000, 0x0000000083e00000| Untracked 
|  37|0x0000000083f00000, 0x0000000083f00000, 0x0000000084000000|  0%| F|  |TAMS 0x0000000083f00000, 0x0000000083f00000| Untracked 
|  38|0x0000000084000000, 0x0000000084100000, 0x0000000084100000|100%| S|CS|TAMS 0x0000000084000000, 0x0000000084000000| Complete 
|  39|0x0000000084100000, 0x0000000084200000, 0x0000000084200000|100%| S|CS|TAMS 0x0000000084100000, 0x0000000084100000| Complete 
|  40|0x0000000084200000, 0x0000000084300000, 0x0000000084300000|100%| S|CS|TAMS 0x0000000084200000, 0x0000000084200000| Complete 
|  41|0x0000000084300000, 0x0000000084300000, 0x0000000084400000|  0%| F|  |TAMS 0x0000000084300000, 0x0000000084300000| Untracked 
|  42|0x0000000084400000, 0x0000000084400000, 0x0000000084500000|  0%| F|  |TAMS 0x0000000084400000, 0x0000000084400000| Untracked 
|  43|0x0000000084500000, 0x0000000084500000, 0x0000000084600000|  0%| F|  |TAMS 0x0000000084500000, 0x0000000084500000| Untracked 
|  44|0x0000000084600000, 0x0000000084600000, 0x0000000084700000|  0%| F|  |TAMS 0x0000000084600000, 0x0000000084600000| Untracked 
|  45|0x0000000084700000, 0x0000000084700000, 0x0000000084800000|  0%| F|  |TAMS 0x0000000084700000, 0x0000000084700000| Untracked 
|  46|0x0000000084800000, 0x0000000084800000, 0x0000000084900000|  0%| F|  |TAMS 0x0000000084800000, 0x0000000084800000| Untracked 
|  47|0x0000000084900000, 0x0000000084900000, 0x0000000084a00000|  0%| F|  |TAMS 0x0000000084900000, 0x0000000084900000| Untracked 
|  48|0x0000000084a00000, 0x0000000084a00000, 0x0000000084b00000|  0%| F|  |TAMS 0x0000000084a00000, 0x0000000084a00000| Untracked 
|  49|0x0000000084b00000, 0x0000000084b00000, 0x0000000084c00000|  0%| F|  |TAMS 0x0000000084b00000, 0x0000000084b00000| Untracked 
|  50|0x0000000084c00000, 0x0000000084c00000, 0x0000000084d00000|  0%| F|  |TAMS 0x0000000084c00000, 0x0000000084c00000| Untracked 
|  51|0x0000000084d00000, 0x0000000084d00000, 0x0000000084e00000|  0%| F|  |TAMS 0x0000000084d00000, 0x0000000084d00000| Untracked 
|  52|0x0000000084e00000, 0x0000000084e00000, 0x0000000084f00000|  0%| F|  |TAMS 0x0000000084e00000, 0x0000000084e00000| Untracked 
|  53|0x0000000084f00000, 0x0000000084f00000, 0x0000000085000000|  0%| F|  |TAMS 0x0000000084f00000, 0x0000000084f00000| Untracked 
|  54|0x0000000085000000, 0x00000000850e7c00, 0x0000000085100000| 90%| E|  |TAMS 0x0000000085000000, 0x0000000085000000| Complete 
|  55|0x0000000085100000, 0x0000000085200000, 0x0000000085200000|100%| E|CS|TAMS 0x0000000085100000, 0x0000000085100000| Complete 
|  56|0x0000000085200000, 0x0000000085300000, 0x0000000085300000|100%| E|CS|TAMS 0x0000000085200000, 0x0000000085200000| Complete 
|  57|0x0000000085300000, 0x0000000085400000, 0x0000000085400000|100%| E|CS|TAMS 0x0000000085300000, 0x0000000085300000| Complete 
|  58|0x0000000085400000, 0x0000000085500000, 0x0000000085500000|100%| E|CS|TAMS 0x0000000085400000, 0x0000000085400000| Complete 
|  59|0x0000000085500000, 0x0000000085600000, 0x0000000085600000|100%| E|CS|TAMS 0x0000000085500000, 0x0000000085500000| Complete 
|  60|0x0000000085600000, 0x0000000085700000, 0x0000000085700000|100%| E|CS|TAMS 0x0000000085600000, 0x0000000085600000| Complete 
|  61|0x0000000085700000, 0x0000000085800000, 0x0000000085800000|100%| E|CS|TAMS 0x0000000085700000, 0x0000000085700000| Complete 
|  62|0x0000000085800000, 0x0000000085900000, 0x0000000085900000|100%| E|CS|TAMS 0x0000000085800000, 0x0000000085800000| Complete 
|  63|0x0000000085900000, 0x0000000085a00000, 0x0000000085a00000|100%| E|CS|TAMS 0x0000000085900000, 0x0000000085900000| Complete 
|  64|0x0000000085a00000, 0x0000000085b00000, 0x0000000085b00000|100%| E|CS|TAMS 0x0000000085a00000, 0x0000000085a00000| Complete 
|  65|0x0000000085b00000, 0x0000000085c00000, 0x0000000085c00000|100%| E|CS|TAMS 0x0000000085b00000, 0x0000000085b00000| Complete 
|  66|0x0000000085c00000, 0x0000000085d00000, 0x0000000085d00000|100%| E|CS|TAMS 0x0000000085c00000, 0x0000000085c00000| Complete 
|  67|0x0000000085d00000, 0x0000000085e00000, 0x0000000085e00000|100%| E|CS|TAMS 0x0000000085d00000, 0x0000000085d00000| Complete 
|  68|0x0000000085e00000, 0x0000000085f00000, 0x0000000085f00000|100%| E|CS|TAMS 0x0000000085e00000, 0x0000000085e00000| Complete 
|  69|0x0000000085f00000, 0x0000000086000000, 0x0000000086000000|100%| E|CS|TAMS 0x0000000085f00000, 0x0000000085f00000| Complete 
|  70|0x0000000086000000, 0x0000000086100000, 0x0000000086100000|100%| E|CS|TAMS 0x0000000086000000, 0x0000000086000000| Complete 
|  71|0x0000000086100000, 0x0000000086200000, 0x0000000086200000|100%| E|CS|TAMS 0x0000000086100000, 0x0000000086100000| Complete 
|  72|0x0000000086200000, 0x0000000086300000, 0x0000000086300000|100%| E|CS|TAMS 0x0000000086200000, 0x0000000086200000| Complete 
|  73|0x0000000086300000, 0x0000000086400000, 0x0000000086400000|100%| E|CS|TAMS 0x0000000086300000, 0x0000000086300000| Complete 
|  74|0x0000000086400000, 0x0000000086500000, 0x0000000086500000|100%| E|CS|TAMS 0x0000000086400000, 0x0000000086400000| Complete 
|  75|0x0000000086500000, 0x0000000086600000, 0x0000000086600000|100%| E|CS|TAMS 0x0000000086500000, 0x0000000086500000| Complete 
|  76|0x0000000086600000, 0x0000000086700000, 0x0000000086700000|100%| E|CS|TAMS 0x0000000086600000, 0x0000000086600000| Complete 
|  77|0x0000000086700000, 0x0000000086800000, 0x0000000086800000|100%| E|CS|TAMS 0x0000000086700000, 0x0000000086700000| Complete 
|  78|0x0000000086800000, 0x0000000086900000, 0x0000000086900000|100%| E|CS|TAMS 0x0000000086800000, 0x0000000086800000| Complete 
|  79|0x0000000086900000, 0x0000000086a00000, 0x0000000086a00000|100%| E|CS|TAMS 0x0000000086900000, 0x0000000086900000| Complete 

Card table byte_map: [0x0000012dddaf0000,0x0000012dddef0000] _byte_map_base: 0x0000012ddd6e3000

Marking Bits (Prev, Next): (CMBitMap*) 0x0000012dc70ffdc0, (CMBitMap*) 0x0000012dc70ffd88
 Prev Bits: [0x0000012de0290000, 0x0000012de2228000)
 Next Bits: [0x0000012dde2f0000, 0x0000012de0288000)

Polling page: 0x0000012dc68a0000

Metaspace:

Usage:
  Non-class:     57.60 MB capacity,    56.40 MB ( 98%) used,   995.28 KB (  2%) free+waste,   234.75 KB ( <1%) overhead. 
      Class:      9.15 MB capacity,     8.32 MB ( 91%) used,   731.89 KB (  8%) free+waste,   116.56 KB (  1%) overhead. 
       Both:     66.75 MB capacity,    64.72 MB ( 97%) used,     1.69 MB (  3%) free+waste,   351.31 KB ( <1%) overhead. 

Virtual space:
  Non-class space:       58.00 MB reserved,      57.65 MB (>99%) committed 
      Class space:        1.00 GB reserved,       9.25 MB ( <1%) committed 
             Both:        1.06 GB reserved,      66.90 MB (  6%) committed 

Chunk freelists:
   Non-Class:  0 bytes
       Class:  384 bytes
        Both:  384 bytes

CodeHeap 'non-profiled nmethods': size=238912Kb used=13710Kb max_used=13710Kb free=225201Kb
 bounds [0x0000012dceda0000, 0x0000012dcfb10000, 0x0000012ddd6f0000]
CodeHeap 'non-nmethods': size=6848Kb used=1259Kb max_used=1259Kb free=5589Kb
 bounds [0x0000012dce6f0000, 0x0000012dce960000, 0x0000012dceda0000]
 total_blobs=9211 nmethods=8577 adapters=559
 compilation: enabled
              stopped_count=0, restarted_count=0
 full_count=0

Compilation events (10 events):
Event: 1162.885 Thread 0x0000012de4740000 8573       1       org.hibernate.persister.entity.AbstractEntityPersister::getPropertyNames (8 bytes)
Event: 1162.885 Thread 0x0000012de4740000 nmethod 8573 0x0000012dcfb02a10 code [0x0000012dcfb02ba0, 0x0000012dcfb02c58]
Event: 1162.885 Thread 0x0000012de4740000 8574       1       org.hibernate.persister.collection.AbstractCollectionPersister::getRole (8 bytes)
Event: 1162.885 Thread 0x0000012de4740000 nmethod 8574 0x0000012dcfb02d10 code [0x0000012dcfb02ea0, 0x0000012dcfb02f58]
Event: 1162.885 Thread 0x0000012de4740000 8575       1       org.hibernate.event.spi.AbstractEvent::getSession (5 bytes)
Event: 1162.885 Thread 0x0000012de4740000 nmethod 8575 0x0000012dcfb03010 code [0x0000012dcfb031a0, 0x0000012dcfb03258]
Event: 1162.886 Thread 0x0000012de4740000 8576  s    1       java.io.BufferedOutputStream::flush (12 bytes)
Event: 1162.886 Thread 0x0000012de4740000 nmethod 8576 0x0000012dcfb03310 code [0x0000012dcfb034c0, 0x0000012dcfb03758]
Event: 1162.887 Thread 0x0000012de4740000 8577       1       org.hibernate.engine.internal.AbstractEntityEntry$EnumState::getUnsetMask (5 bytes)
Event: 1162.887 Thread 0x0000012de4740000 nmethod 8577 0x0000012dcfb03810 code [0x0000012dcfb039a0, 0x0000012dcfb03a58]

GC Heap History (10 events):
Event: 1144.795 GC heap before
{Heap before GC invocations=24 (full 1):
 garbage-first heap   total 81920K, used 43866K [0x0000000081a00000, 0x0000000100000000)
  region size 1024K, 20 young (20480K), 5 survivors (5120K)
 Metaspace       used 65644K, capacity 67678K, committed 67868K, reserved 1107968K
  class space    used 8459K, capacity 9284K, committed 9344K, reserved 1048576K
}
Event: 1144.839 GC heap after
{Heap after GC invocations=25 (full 2):
 garbage-first heap   total 81920K, used 22933K [0x0000000081a00000, 0x0000000100000000)
  region size 1024K, 0 young (0K), 0 survivors (0K)
 Metaspace       used 65642K, capacity 67672K, committed 67868K, reserved 1107968K
  class space    used 8458K, capacity 9282K, committed 9344K, reserved 1048576K
}
Event: 1145.223 GC heap before
{Heap before GC invocations=25 (full 2):
 garbage-first heap   total 81920K, used 64917K [0x0000000081a00000, 0x0000000100000000)
  region size 1024K, 41 young (41984K), 0 survivors (0K)
 Metaspace       used 65844K, capacity 67938K, committed 68124K, reserved 1107968K
  class space    used 8491K, capacity 9327K, committed 9344K, reserved 1048576K
}
Event: 1145.226 GC heap after
{Heap after GC invocations=26 (full 2):
 garbage-first heap   total 81920K, used 25730K [0x0000000081a00000, 0x0000000100000000)
  region size 1024K, 3 young (3072K), 3 survivors (3072K)
 Metaspace       used 65844K, capacity 67938K, committed 68124K, reserved 1107968K
  class space    used 8491K, capacity 9327K, committed 9344K, reserved 1048576K
}
Event: 1145.252 GC heap before
{Heap before GC invocations=26 (full 2):
 garbage-first heap   total 81920K, used 64642K [0x0000000081a00000, 0x0000000100000000)
  region size 1024K, 42 young (43008K), 3 survivors (3072K)
 Metaspace       used 65844K, capacity 67938K, committed 68124K, reserved 1107968K
  class space    used 8491K, capacity 9327K, committed 9344K, reserved 1048576K
}
Event: 1145.254 GC heap after
{Heap after GC invocations=27 (full 2):
 garbage-first heap   total 81920K, used 25785K [0x0000000081a00000, 0x0000000100000000)
  region size 1024K, 3 young (3072K), 3 survivors (3072K)
 Metaspace       used 65844K, capacity 67938K, committed 68124K, reserved 1107968K
  class space    used 8491K, capacity 9327K, committed 9344K, reserved 1048576K
}
Event: 1145.455 GC heap before
{Heap before GC invocations=27 (full 2):
 garbage-first heap   total 81920K, used 66745K [0x0000000081a00000, 0x0000000100000000)
  region size 1024K, 43 young (44032K), 3 survivors (3072K)
 Metaspace       used 65929K, capacity 68020K, committed 68124K, reserved 1107968K
  class space    used 8500K, capacity 9330K, committed 9344K, reserved 1048576K
}
Event: 1145.459 GC heap after
{Heap after GC invocations=28 (full 2):
 garbage-first heap   total 81920K, used 26762K [0x0000000081a00000, 0x0000000100000000)
  region size 1024K, 4 young (4096K), 4 survivors (4096K)
 Metaspace       used 65929K, capacity 68020K, committed 68124K, reserved 1107968K
  class space    used 8500K, capacity 9330K, committed 9344K, reserved 1048576K
}
Event: 1145.674 GC heap before
{Heap before GC invocations=28 (full 2):
 garbage-first heap   total 81920K, used 66698K [0x0000000081a00000, 0x0000000100000000)
  region size 1024K, 43 young (44032K), 4 survivors (4096K)
 Metaspace       used 66216K, capacity 68326K, committed 68508K, reserved 1107968K
  class space    used 8517K, capacity 9365K, committed 9472K, reserved 1048576K
}
Event: 1145.679 GC heap after
{Heap after GC invocations=29 (full 2):
 garbage-first heap   total 81920K, used 29245K [0x0000000081a00000, 0x0000000100000000)
  region size 1024K, 4 young (4096K), 4 survivors (4096K)
 Metaspace       used 66216K, capacity 68326K, committed 68508K, reserved 1107968K
  class space    used 8517K, capacity 9365K, committed 9472K, reserved 1048576K
}

Deoptimization events (0 events):
No events

Classes redefined (0 events):
No events

Internal exceptions (10 events):
Event: 1145.603 Thread 0x0000012de99d3800 Exception <a 'java/lang/ClassNotFoundException'{0x000000008541c6c0}: java/lang/ObjectCustomizer> (0x000000008541c6c0) thrown at [./open/src/hotspot/share/classfile/systemDictionary.cpp, line 227]
Event: 1145.604 Thread 0x0000012de99d3800 Exception <a 'java/lang/ClassNotFoundException'{0x00000000854340a8}: com/ptit/stu/entity/PromotionDetailEntityCustomizer> (0x00000000854340a8) thrown at [./open/src/hotspot/share/classfile/systemDictionary.cpp, line 227]
Event: 1145.604 Thread 0x0000012de99d3800 Exception <a 'java/lang/ClassNotFoundException'{0x000000008544d668}: java/lang/ObjectCustomizer> (0x000000008544d668) thrown at [./open/src/hotspot/share/classfile/systemDictionary.cpp, line 227]
Event: 1145.605 Thread 0x0000012de99d3800 Exception <a 'java/lang/ClassNotFoundException'{0x0000000085464690}: com/ptit/stu/entity/PromotionDetailIdCustomizer> (0x0000000085464690) thrown at [./open/src/hotspot/share/classfile/systemDictionary.cpp, line 227]
Event: 1145.606 Thread 0x0000012de99d3800 Exception <a 'java/lang/ClassNotFoundException'{0x00000000854c19e0}: java/lang/ObjectCustomizer> (0x00000000854c19e0) thrown at [./open/src/hotspot/share/classfile/systemDictionary.cpp, line 227]
Event: 1145.606 Thread 0x0000012de99d3800 Exception <a 'java/lang/ClassNotFoundException'{0x00000000854d8308}: com/ptit/stu/entity/PromotionEntityCustomizer> (0x00000000854d8308) thrown at [./open/src/hotspot/share/classfile/systemDictionary.cpp, line 227]
Event: 1145.608 Thread 0x0000012de99d3800 Exception <a 'java/lang/ClassNotFoundException'{0x000000008532bd88}: java/lang/ObjectCustomizer> (0x000000008532bd88) thrown at [./open/src/hotspot/share/classfile/systemDictionary.cpp, line 227]
Event: 1145.608 Thread 0x0000012de99d3800 Exception <a 'java/lang/ClassNotFoundException'{0x0000000085342e70}: com/ptit/stu/entity/PromotionTypeEntityCustomizer> (0x0000000085342e70) thrown at [./open/src/hotspot/share/classfile/systemDictionary.cpp, line 227]
Event: 1145.611 Thread 0x0000012de99d3800 Exception <a 'java/lang/ClassNotFoundException'{0x000000008539d608}: java/lang/ObjectCustomizer> (0x000000008539d608) thrown at [./open/src/hotspot/share/classfile/systemDictionary.cpp, line 227]
Event: 1145.611 Thread 0x0000012de99d3800 Exception <a 'java/lang/ClassNotFoundException'{0x00000000853b4400}: com/ptit/stu/entity/EvaluationEntityCustomizer> (0x00000000853b4400) thrown at [./open/src/hotspot/share/classfile/systemDictionary.cpp, line 227]

Events (10 events):
Event: 1162.875 Executing VM operation: RevokeBias
Event: 1162.875 Executing VM operation: RevokeBias done
Event: 1162.875 Executing VM operation: RevokeBias
Event: 1162.875 Executing VM operation: RevokeBias done
Event: 1162.876 Executing VM operation: RevokeBias
Event: 1162.876 Executing VM operation: RevokeBias done
Event: 1162.887 Executing VM operation: RevokeBias
Event: 1162.888 Executing VM operation: RevokeBias done
Event: 1162.888 Executing VM operation: RevokeBias
Event: 1162.888 Executing VM operation: RevokeBias done


Dynamic libraries:
0x00007ff7d6650000 - 0x00007ff7d665f000 	C:\Program Files\Java\jdk-11.0.13\bin\java.exe
0x00007ffa50910000 - 0x00007ffa50b05000 	C:\WINDOWS\SYSTEM32\ntdll.dll
0x00007ffa4fa10000 - 0x00007ffa4face000 	C:\WINDOWS\System32\KERNEL32.DLL
0x00007ffa4e130000 - 0x00007ffa4e3f8000 	C:\WINDOWS\System32\KERNELBASE.dll
0x00007ffa4e030000 - 0x00007ffa4e130000 	C:\WINDOWS\System32\ucrtbase.dll
0x00007ffa273a0000 - 0x00007ffa273b5000 	C:\Program Files\Java\jdk-11.0.13\bin\VCRUNTIME140.dll
0x00007ffa48200000 - 0x00007ffa48218000 	C:\Program Files\Java\jdk-11.0.13\bin\jli.dll
0x00007ffa50490000 - 0x00007ffa5053e000 	C:\WINDOWS\System32\ADVAPI32.dll
0x00007ffa4fe60000 - 0x00007ffa4fefe000 	C:\WINDOWS\System32\msvcrt.dll
0x00007ffa4f1f0000 - 0x00007ffa4f28c000 	C:\WINDOWS\System32\sechost.dll
0x00007ffa4fae0000 - 0x00007ffa4fc05000 	C:\WINDOWS\System32\RPCRT4.dll
0x00007ffa502f0000 - 0x00007ffa50490000 	C:\WINDOWS\System32\USER32.dll
0x00007ffa4e400000 - 0x00007ffa4e422000 	C:\WINDOWS\System32\win32u.dll
0x00007ffa43890000 - 0x00007ffa43b2a000 	C:\WINDOWS\WinSxS\amd64_microsoft.windows.common-controls_6595b64144ccf1df_6.0.19041.1110_none_60b5254171f9507e\COMCTL32.dll
0x00007ffa4f900000 - 0x00007ffa4f92a000 	C:\WINDOWS\System32\GDI32.dll
0x00007ffa4e7f0000 - 0x00007ffa4e8fb000 	C:\WINDOWS\System32\gdi32full.dll
0x00007ffa4e460000 - 0x00007ffa4e4fd000 	C:\WINDOWS\System32\msvcp_win.dll
0x00007ffa47010000 - 0x00007ffa4701a000 	C:\WINDOWS\SYSTEM32\VERSION.dll
0x00007ffa4fc10000 - 0x00007ffa4fc40000 	C:\WINDOWS\System32\IMM32.DLL
0x00007ffa196a0000 - 0x00007ffa1973b000 	C:\Program Files\Java\jdk-11.0.13\bin\msvcp140.dll
0x00007ffa00bb0000 - 0x00007ffa016c3000 	C:\Program Files\Java\jdk-11.0.13\bin\server\jvm.dll
0x00007ffa50630000 - 0x00007ffa50638000 	C:\WINDOWS\System32\PSAPI.DLL
0x00007ffa3fa60000 - 0x00007ffa3fa69000 	C:\WINDOWS\SYSTEM32\WSOCK32.dll
0x00007ffa50280000 - 0x00007ffa502eb000 	C:\WINDOWS\System32\WS2_32.dll
0x00007ffa45900000 - 0x00007ffa45927000 	C:\WINDOWS\SYSTEM32\WINMM.dll
0x00007ffa4c930000 - 0x00007ffa4c942000 	C:\WINDOWS\SYSTEM32\kernel.appcore.dll
0x00007ffa47180000 - 0x00007ffa47190000 	C:\Program Files\Java\jdk-11.0.13\bin\verify.dll
0x00007ffa4be00000 - 0x00007ffa4bfe4000 	C:\WINDOWS\SYSTEM32\DBGHELP.DLL
0x00007ffa38eb0000 - 0x00007ffa38edc000 	C:\WINDOWS\SYSTEM32\dbgcore.DLL
0x00007ffa4e6b0000 - 0x00007ffa4e732000 	C:\WINDOWS\System32\bcryptPrimitives.dll
0x00007ffa20410000 - 0x00007ffa20438000 	C:\Program Files\Java\jdk-11.0.13\bin\java.dll
0x00007ffa46b80000 - 0x00007ffa46b8a000 	C:\Program Files\Java\jdk-11.0.13\bin\jimage.dll
0x00007ffa272f0000 - 0x00007ffa27306000 	C:\Program Files\Java\jdk-11.0.13\bin\zip.dll
0x00007ffa4e970000 - 0x00007ffa4f0b4000 	C:\WINDOWS\System32\SHELL32.dll
0x00007ffa4bff0000 - 0x00007ffa4c784000 	C:\WINDOWS\SYSTEM32\windows.storage.dll
0x00007ffa4ff20000 - 0x00007ffa50274000 	C:\WINDOWS\System32\combase.dll
0x00007ffa4d9d0000 - 0x00007ffa4d9fc000 	C:\WINDOWS\SYSTEM32\Wldp.dll
0x00007ffa4fc40000 - 0x00007ffa4fced000 	C:\WINDOWS\System32\SHCORE.dll
0x00007ffa50540000 - 0x00007ffa50595000 	C:\WINDOWS\System32\shlwapi.dll
0x00007ffa4df70000 - 0x00007ffa4df8f000 	C:\WINDOWS\SYSTEM32\profapi.dll
0x00007ffa217e0000 - 0x00007ffa217f9000 	C:\Program Files\Java\jdk-11.0.13\bin\net.dll
0x00007ffa44060000 - 0x00007ffa4416a000 	C:\WINDOWS\SYSTEM32\WINHTTP.dll
0x00007ffa4d730000 - 0x00007ffa4d79a000 	C:\WINDOWS\system32\mswsock.dll
0x00007ffa21680000 - 0x00007ffa21692000 	C:\Program Files\Java\jdk-11.0.13\bin\nio.dll
0x00007ffa2fdf0000 - 0x00007ffa2fdf9000 	C:\Program Files\Java\jdk-11.0.13\bin\management.dll
0x00007ffa2ecf0000 - 0x00007ffa2ecfb000 	C:\Program Files\Java\jdk-11.0.13\bin\management_ext.dll
0x00007ffa49460000 - 0x00007ffa49477000 	C:\WINDOWS\system32\napinsp.dll
0x00007ffa49440000 - 0x00007ffa4945b000 	C:\WINDOWS\system32\pnrpnsp.dll
0x00007ffa49270000 - 0x00007ffa4928d000 	C:\WINDOWS\system32\NLAapi.dll
0x00007ffa4d420000 - 0x00007ffa4d45b000 	C:\WINDOWS\SYSTEM32\IPHLPAPI.DLL
0x00007ffa24f90000 - 0x00007ffa24fa5000 	C:\WINDOWS\system32\wshbth.dll
0x00007ffa4d460000 - 0x00007ffa4d52b000 	C:\WINDOWS\SYSTEM32\DNSAPI.dll
0x00007ffa4f930000 - 0x00007ffa4f938000 	C:\WINDOWS\System32\NSI.dll
0x00007ffa49420000 - 0x00007ffa49432000 	C:\WINDOWS\System32\winrnr.dll
0x00007ffa427c0000 - 0x00007ffa427ca000 	C:\Windows\System32\rasadhlp.dll
0x00007ffa43f80000 - 0x00007ffa43fff000 	C:\WINDOWS\System32\fwpuclnt.dll
0x00007ffa4e430000 - 0x00007ffa4e457000 	C:\WINDOWS\System32\bcrypt.dll
0x00007ffa4d920000 - 0x00007ffa4d938000 	C:\WINDOWS\SYSTEM32\CRYPTSP.dll
0x00007ffa4d0b0000 - 0x00007ffa4d0e4000 	C:\WINDOWS\system32\rsaenh.dll
0x00007ffa4df30000 - 0x00007ffa4df5e000 	C:\WINDOWS\SYSTEM32\USERENV.dll
0x00007ffa4d940000 - 0x00007ffa4d94c000 	C:\WINDOWS\SYSTEM32\CRYPTBASE.dll
0x00007ffa46960000 - 0x00007ffa46977000 	C:\WINDOWS\SYSTEM32\dhcpcsvc6.DLL
0x00007ffa46f20000 - 0x00007ffa46f3d000 	C:\WINDOWS\SYSTEM32\dhcpcsvc.DLL
0x00007ffa2d6e0000 - 0x00007ffa2d6ed000 	C:\Program Files\Java\jdk-11.0.13\bin\sunmscapi.dll
0x00007ffa4e500000 - 0x00007ffa4e656000 	C:\WINDOWS\System32\CRYPT32.dll
0x00007ffa4da40000 - 0x00007ffa4da67000 	C:\WINDOWS\SYSTEM32\ncrypt.dll
0x00007ffa4da00000 - 0x00007ffa4da3b000 	C:\WINDOWS\SYSTEM32\NTASN1.dll
0x00007ffa1c0c0000 - 0x00007ffa1c0e5000 	C:\Program Files\Java\jdk-11.0.13\bin\sunec.dll

dbghelp: loaded successfully - version: 4.0.5 - missing functions: none
symbol engine: initialized successfully - sym options: 0x614 - pdb path: .;C:\Program Files\Java\jdk-11.0.13\bin;C:\WINDOWS\SYSTEM32;C:\WINDOWS\WinSxS\amd64_microsoft.windows.common-controls_6595b64144ccf1df_6.0.19041.1110_none_60b5254171f9507e;C:\Program Files\Java\jdk-11.0.13\bin\server

VM Arguments:
jvm_args: -Xverify:none -XX:TieredStopAtLevel=1 -Xverify:none -XX:TieredStopAtLevel=1 
java_command: com.ptit.stu.WebsiteShoppingApplication
java_class_path (initial): D:\Code\Java\HocSpringBoot\180422WebsiteShopping\target\classes;C:\Users\dovan\.m2\repository\ch\qos\logback\logback-classic\1.2.11\logback-classic-1.2.11.jar;C:\Users\dovan\.m2\repository\ch\qos\logback\logback-core\1.2.11\logback-core-1.2.11.jar;C:\Users\dovan\.m2\repository\org\apache\logging\log4j\log4j-to-slf4j\2.17.2\log4j-to-slf4j-2.17.2.jar;C:\Users\dovan\.m2\repository\org\apache\logging\log4j\log4j-api\2.17.2\log4j-api-2.17.2.jar;C:\Users\dovan\.m2\repository\org\slf4j\jul-to-slf4j\1.7.36\jul-to-slf4j-1.7.36.jar;C:\Users\dovan\.m2\repository\jakarta\annotation\jakarta.annotation-api\1.3.5\jakarta.annotation-api-1.3.5.jar;C:\Users\dovan\.m2\repository\org\yaml\snakeyaml\1.29\snakeyaml-1.29.jar;C:\Users\dovan\.m2\repository\com\fasterxml\jackson\core\jackson-databind\2.13.2.2\jackson-databind-2.13.2.2.jar;C:\Users\dovan\.m2\repository\com\fasterxml\jackson\core\jackson-annotations\2.13.2\jackson-annotations-2.13.2.jar;C:\Users\dovan\.m2\repository\com\fasterxml\jackson\core\jackson-core\2.13.2\jackson-core-2.13.2.jar;C:\Users\dovan\.m2\repository\com\fasterxml\jackson\datatype\jackson-datatype-jdk8\2.13.2\jackson-datatype-jdk8-2.13.2.jar;C:\Users\dovan\.m2\repository\com\fasterxml\jackson\datatype\jackson-datatype-jsr310\2.13.2\jackson-datatype-jsr310-2.13.2.jar;C:\Users\dovan\.m2\repository\com\fasterxml\jackson\module\jackson-module-parameter-names\2.13.2\jackson-module-parameter-names-2.13.2.jar;C:\Users\dovan\.m2\repository\org\apache\tomcat\embed\tomcat-embed-websocket\9.0.60\tomcat-embed-websocket-9.0.60.jar;C:\Users\dovan\.m2\repository\org\springframework\spring-web\5.3.18\spring-web-5.3.18.jar;C:\Users\dovan\.m2\repository\org\springframework\spring-beans\5.3.18\spring-beans-5.3.18.jar;C:\Users\dovan\.m2\repository\org\springframework\spring-webmvc\5.3.18\spring-webmvc-5.3.18.jar;C:\Users\dovan\.m2\repository\org\springframework\spring-aop\5.3.18\spring-aop-5.3.18.jar;C:\Users\dovan\.m2\repository\org\springframework\spr
Launcher Type: SUN_STANDARD

[Global flags]
     bool BytecodeVerificationLocal                = false                                     {product} {command line}
     bool BytecodeVerificationRemote               = false                                     {product} {command line}
     intx CICompilerCount                          = 3                                         {product} {ergonomic}
     uint ConcGCThreads                            = 1                                         {product} {ergonomic}
     uint G1ConcRefinementThreads                  = 4                                         {product} {ergonomic}
   size_t G1HeapRegionSize                         = 1048576                                   {product} {ergonomic}
    uintx GCDrainStackTargetSize                   = 64                                        {product} {ergonomic}
   size_t InitialHeapSize                          = 134217728                                 {product} {ergonomic}
   size_t MarkStackSize                            = 4194304                                   {product} {ergonomic}
   size_t MaxHeapSize                              = 2120220672                                {product} {ergonomic}
   size_t MaxNewSize                               = 1271922688                                {product} {ergonomic}
   size_t MinHeapDeltaBytes                        = 1048576                                   {product} {ergonomic}
    uintx NonNMethodCodeHeapSize                   = 6973028                                {pd product} {ergonomic}
    uintx NonProfiledCodeHeapSize                  = 244685212                              {pd product} {ergonomic}
    uintx ProfiledCodeHeapSize                     = 0                                      {pd product} {ergonomic}
    uintx ReservedCodeCacheSize                    = 251658240                              {pd product} {ergonomic}
     bool SegmentedCodeCache                       = true                                      {product} {ergonomic}
     intx TieredStopAtLevel                        = 1                                         {product} {command line}
     bool UseCompressedClassPointers               = true                                 {lp64_product} {ergonomic}
     bool UseCompressedOops                        = true                                 {lp64_product} {ergonomic}
     bool UseG1GC                                  = true                                      {product} {ergonomic}
     bool UseLargePagesIndividualAllocation        = false                                  {pd product} {ergonomic}

Logging:
Log output configuration:
 #0: stdout all=warning uptime,level,tags
 #1: stderr all=off uptime,level,tags

Environment Variables:
JAVA_HOME=C:\Program Files\Java\jdk-11.0.13
PATH=C:\Program Files (x86)\VMware\VMware Workstation\bin\;C:\Program Files\Common Files\Oracle\Java\javapath;C:\WINDOWS\system32;C:\WINDOWS;C:\WINDOWS\System32\Wbem;C:\WINDOWS\System32\WindowsPowerShell\v1.0\;C:\WINDOWS\System32\OpenSSH\;C:\Program Files\Microsoft SQL Server\Client SDK\ODBC\170\Tools\Binn\;C:\Program Files (x86)\Microsoft SQL Server\150\Tools\Binn\;C:\Program Files\Microsoft SQL Server\150\Tools\Binn\;C:\Program Files\Microsoft SQL Server\150\DTS\Binn\;C:\Program Files (x86)\Microsoft SQL Server\150\DTS\Binn\;C:\Program Files\Azure Data Studio\bin;C:\Program Files (x86)\ZeroTier\One\;C:\Users\dovan\AppData\Local\Microsoft\WindowsApps;;C:\Program Files\Azure Data Studio\bin;C:\Users\dovan\AppData\Local\Programs\Microsoft VS Code\bin
USERNAME=dovan
OS=Windows_NT
PROCESSOR_IDENTIFIER=Intel64 Family 6 Model 94 Stepping 3, GenuineIntel



---------------  S Y S T E M  ---------------

OS: Windows 10 , 64 bit Build 19041 (10.0.19041.1645)

CPU:total 4 (initial active 4) (4 cores per cpu, 1 threads per core) family 6 model 94 stepping 3 microcode 0xec, cmov, cx8, fxsr, mmx, sse, sse2, sse3, ssse3, sse4.1, sse4.2, popcnt, avx, avx2, aes, clmul, erms, rtm, 3dnowpref, lzcnt, tsc, tscinvbit, bmi1, bmi2, adx, fma

Memory: 4k page, system-wide physical 8083M (1966M free)
TotalPageFile size 10902M (AvailPageFile size 2319M)
current process WorkingSet (physical memory assigned to process): 208M, peak: 286M
current process commit charge ("private bytes"): 251M, peak: 364M

vm_info: Java HotSpot(TM) 64-Bit Server VM (11.0.13+10-LTS-370) for windows-amd64 JRE (11.0.13+10-LTS-370), built on Sep 15 2021 22:10:36 by "mach5one" with MS VC++ 15.9 (VS2017)

END.
